<?xml version="1.0" encoding="UTF-8" ?>
<testsuite tests="5" failures="0" name="com.myannotation.dao.UserDaoTest" time="3.887" errors="0" skipped="1">
  <properties>
[...]
</properties>
  <testcase classname="com.myannotation.dao.UserDaoTest" name="testStudyDelete" time="0.339"/>
  <testcase classname="com.myannotation.dao.UserDaoTest" name="testStudyInsert" time="0.028"/>
  <testcase classname="com.myannotation.dao.UserDaoTest" name="testStudySelect" time="3.495"/>
  <testcase classname="com.myannotation.dao.UserDaoTest" name="testStudyUpdate" time="0.012"/>
  <testcase classname="com.myannotation.dao.UserDaoTest" name="testStudentName" time="0.013">
    <skipped/>
  </testcase>
</testsuite>